Firmware Version 268
DAQ Version 1

Options summary
==================
daqstring: none
direction: glib
njump: 0
autospill: True
monitor: False
calib: True
format: noprocessing
skip: True
mpa: 1
number: 5
readout: both
loops: -1
charge: 150
setting: default
thresh: 90
phase: 0
shutterdur: 500000
testclock: glib
norm: False
record: True
==================

---------------------------------------------------------------------------
----------------------------Starting Datataking----------------------------
---------------------------------------------------------------------------

uploading:
['01011010100101100000000000000011', '00000000000011110010110011001011', '00000000000011101100110010100111', '00000000000011110100110011000111', '00000000000011101010110011000011', '00000000000011101010110010101111', '00000000000011101010110010111111', '00000000000011110100110010011111', '00000000000011110111110011110011', '00000000000000101111111110110011', '00000000000000101111111110101011', '00000000000000101111111111001011', '00000000000000101101111110101111', '00000000000000101100111110001011', '00000000000000111101111110110011', '00000000000000110100111110011111', '00000000000000110010111111010111', '00000000000011101110110010110111', '00000000000011101110110010110011', '00000000000011101000110011011011', '00000000000011101100110011100011', '00000000000011111010110011000011', '00000000000011110000110011111111', '00000000000011110100110010011011', '00000000000011110101110011001011']
uploading:
['01011010100101100000000000000011', '00000000000011111000110011111111', '00000000000011110110110011100111', '00000000000011101001110011000111', '00000000000011111000110011000111', '00000000000011111010110011001011', '00000000000011110010110011000111', '00000000000011101001110011000111', '00000000000011110001110010110011', '00000000000000101111111110110111', '00000000000000110000111111001011', '00000000000000110000111111001011', '00000000000000110010111111001111', '00000000000000110001111110011011', '00000000000000101101111111001111', '00000000000000101111111110110011', '00000000000000111111111110111011', '00000000000011110010110011000011', '00000000000011100110110010110011', '00000000000011110001110011001111', '00000000000011110111110010100111', '00000000000011110011110011001111', '00000000000011101111110011000011', '00000000000011110000110011110011', '00000000000011110111110011010011']
uploading:
['01011010100101100000000000000011', '00000000000011101100110010110011', '00000000000011101101110011010111', '00000000000011110111110011000111', '00000000000011110111110011011111', '00000000000011110111110011010111', '00000000000011100110110011001011', '00000000000011110000110011000011', '00000000000011110110110011000111', '00000000000000100010111110100011', '00000000000000100000111111001111', '00000000000000101011111110110111', '00000000000000110001111110100011', '00000000000000100101111111101011', '00000000000000110001111110110011', '00000000000000101101111110110111', '00000000000000111010111110100111', '00000000000011110011110011001011', '00000000000011100101110011001111', '00000000000011101010110010101111', '00000000000011110011110010111111', '00000000000011100001110010111111', '00000000000011110111110010100111', '00000000000011110001110011010111', '00000000000011101110110010111111']
uploading:
['01011010100101100000000000000011', '00000000000011110010110010010111', '00000000000011101100110011100011', '00000000000011101100110010100011', '00000000000011101101110010000011', '00000000000011100111110011010011', '00000000000011100000110010111011', '00000000000011101110110010110011', '00000000000011101001110011010011', '00000000000000110111111110000011', '00000000000000110001111110010011', '00000000000000101111111110110011', '00000000000000111101111110111011', '00000000000000100011111111011111', '00000000000000111110111110101011', '00000000000000101101111110111111', '00000000000000101101111110101011', '00000000000011110011110011100011', '00000000000011101010110011000111', '00000000000011100010110011011111', '00000000000011101101110010111111', '00000000000011110000110010010111', '00000000000011101001110011000011', '00000000000011100110110010111111', '00000000000011110001110011001011']
uploading:
['01011010100101100000000000000011', '00000000000011111101110011001011', '00000000000011101101110011000011', '00000000000011110011110010011111', '00000000000011111000110010001011', '00000000000011110000110010011011', '00000000000011110011110011011111', '00000000000011110100110011011111', '00000000000011110111110011010011', '00000000000000110101111110011111', '00000000000000110100111111000111', '00000000000000101011111111001011', '00000000000000110010111111000111', '00000000000000110010111111011111', '00000000000000101101111110110011', '00000000000000110010111111000111', '00000000000000110100111110101111', '00000000000011101001110010111011', '00000000000011101111110010101011', '00000000000011100110110010010111', '00000000000011101010110011010111', '00000000000011101111110011000111', '00000000000011101100110011000111', '00000000000011101000110010111111', '00000000000011100101110010100111']
uploading:
['01011010100101100000000000000011', '00000000000011110010110011001011', '00000000000011101001110010111011', '00000000000011110010110011000111', '00000000000011101101110011001011', '00000000000011100110110011100011', '00000000000011110001110011000011', '00000000000011101111110011000011', '00000000000011101011110011000011', '00000000000000110111111111000011', '00000000000000101100111110001111', '00000000000000110011111111100111', '00000000000000100111111110111111', '00000000000000111000111110101011', '00000000000000111001111111101011', '00000000000000110111111110111011', '00000000000000110001111111001011', '00000000000011101111110011010011', '00000000000011110100110011011011', '00000000000011101010110010111111', '00000000000011101011110011000011', '00000000000011110100110010111111', '00000000000011110001110011001011', '00000000000011101011110010111111', '00000000000011111011110011011011']
uploading:
['01011010100101100000000000000011', '00000000000011110001110010110011', '00000000000011100000110010001011', '00000000000011110111110011001011', '00000000000011110110110010101011', '00000000000011101100110010111011', '00000000000011101101110011100011', '00000000000011101101110011000011', '00000000000011110110110010110011', '00000000000000110000111110000011', '00000000000000101110111110100111', '00000000000000111000111110110111', '00000000000000101110111110110111', '00000000000000101110111110111111', '00000000000000101111111110010111', '00000000000000101011111110101111', '00000000000000100110111110011111', '00000000000011101001110011100011', '00000000000011110001110011000011', '00000000000011100001110011101011', '00000000000011101111110010111111', '00000000000011101100110011001111', '00000000000011110010110011100011', '00000000000011100111110011111011', '00000000000011110101110010110011']
uploading:
['01011010100101100000000000000011', '00000000000011101101110011111111', '00000000000011110001110010111111', '00000000000011110100110011100011', '00000000000011110110110010010111', '00000000000011101001110010101111', '00000000000011110010110010001111', '00000000000011101111110010101111', '00000000000011101110110010000111', '00000000000000100001111111011011', '00000000000000110011111110111111', '00000000000000110000111110100111', '00000000000000110111111111100011', '00000000000000101001111110000111', '00000000000000110100111110100011', '00000000000000110000111110010011', '00000000000000100000111110111011', '00000000000011101111110010100011', '00000000000011110001110010111011', '00000000000011101000110010011111', '00000000000011110101110010111111', '00000000000011101011110011010111', '00000000000011101011110011001111', '00000000000011111001110011001111', '00000000000011101010110010111111']
uploading:
['01011010100101100000000000000011', '00000000000011101100110011010111', '00000000000011101100110011011011', '00000000000011101110110011000111', '00000000000011110011110010110111', '00000000000011101011110010100011', '00000000000011101101110011010111', '00000000000011110010110011010011', '00000000000011101101110011010011', '00000000000000110101111111001111', '00000000000000110010111111000111', '00000000000000110010111110111111', '00000000000000110111111111100011', '00000000000000111000111111001011', '00000000000000101111111111000011', '00000000000000101110111110110011', '00000000000000110100111111010111', '00000000000011101110110010101111', '00000000000011111010110011110011', '00000000000011110101110011010111', '00000000000011100111110011010111', '00000000000011101101110011001111', '00000000000011110011110010101111', '00000000000011100010110010111111', '00000000000011111000110010001111']
uploading:
['01011010100101100000000000000011', '00000000000011110000110011101011', '00000000000011110010110010110111', '00000000000011101001110010111111', '00000000000011101001110011000111', '00000000000011100010110010101011', '00000000000011110000110011010011', '00000000000011100111110011001111', '00000000000011101011110010111111', '00000000000000101101111110110011', '00000000000000110100111110111111', '00000000000000110011111111011111', '00000000000000101101111111010111', '00000000000000111110111111001111', '00000000000000110100111110111011', '00000000000000101001111110111011', '00000000000000110110111111000011', '00000000000011110101110010001111', '00000000000011110110110011100011', '00000000000011110100110011010011', '00000000000011111001110011010011', '00000000000011101111110010111111', '00000000000011111000110011011111', '00000000000011110101110011000111', '00000000000011110111110010111111']
uploading:
['01011010100101100000000000000011', '00000000000011101110110010010111', '00000000000011101111110011000011', '00000000000011111011110011111111', '00000000000011110011110011100111', '00000000000011110111110011000011', '00000000000011110011110011101111', '00000000000011111010110010110111', '00000000000011110110110010010111', '00000000000000110110111110011111', '00000000000000110101111111001111', '00000000000000110000111110100011', '00000000000000111111111111000111', '00000000000000110101111111100011', '00000000000000110010111110110111', '00000000000000101010111110010111', '00000000000000101110111111100011', '00000000000011101011110011110011', '00000000000011101010110011101011', '00000000000011101111110010111111', '00000000000011101100110010111111', '00000000000011101010110010110111', '00000000000011101010110011010011', '00000000000011101100110010110111', '00000000000011101010110010111111']
uploading:
['01011010100101100000000000000011', '00000000000011101001110011111111', '00000000000011101100110010100011', '00000000000011100101110011001011', '00000000000011101001110010110011', '00000000000011110110110011010111', '00000000000011101010110011101111', '00000000000011100010110011000011', '00000000000011101100110011100011', '00000000000000110001111110011011', '00000000000000110000111110111111', '00000000000000110100111110100111', '00000000000000110011111111000111', '00000000000000111001111110101011', '00000000000000101010111111000011', '00000000000000101010111111001111', '00000000000000101111111111100111', '00000000000011111001110011010011', '00000000000011101101110010001111', '00000000000011110111110011010011', '00000000000011100011110010010111', '00000000000011110011110010010011', '00000000000011110000110010111111', '00000000000011110110110011001111', '00000000000011111001110010101011']


---------------------------------------------------------------------------
-----------------------------Starting spill 1------------------------------
---------------------------------------------------------------------------

