Firmware Version 268
DAQ Version 1

Options summary
==================
daqstring: none
direction: glib
njump: 0
autospill: True
monitor: False
calib: True
format: noprocessing
skip: True
mpa: 1
number: 5
readout: both
loops: -1
charge: 150
setting: default
thresh: 50
phase: 0
shutterdur: 500000
testclock: glib
norm: False
record: True
==================

---------------------------------------------------------------------------
----------------------------Starting Datataking----------------------------
---------------------------------------------------------------------------

uploading:
['00110010100101100000000000000011', '00000000000011110010100011001010', '00000000000011101100100010100110', '00000000000011110100100011000110', '00000000000011101010100011000010', '00000000000011101010100010101110', '00000000000011101010100010111110', '00000000000011110100100010011110', '00000000000011110111100011110010', '00000000000000101111101110110010', '00000000000000101111101110101010', '00000000000000101111101111001010', '00000000000000101101101110101110', '00000000000000101100101110001010', '00000000000000111101101110110010', '00000000000000110100101110011110', '00000000000000110010101111010110', '00000000000011101110100010110110', '00000000000011101110100010110010', '00000000000011101000100011011010', '00000000000011101100100011100010', '00000000000011111010100011000010', '00000000000011110000100011111110', '00000000000011110100100010011010', '00000000000011110101100011001010']
uploading:
['00110010100101100000000000000011', '00000000000011111000100011111110', '00000000000011110110100011100110', '00000000000011101001100011000110', '00000000000011111000100011000110', '00000000000011111010100011001010', '00000000000011110010100011000110', '00000000000011101001100011000110', '00000000000011110001100010110010', '00000000000000101111101110110110', '00000000000000110000101111001010', '00000000000000110000101111001010', '00000000000000110010101111001110', '00000000000000110001101110011010', '00000000000000101101101111001110', '00000000000000101111101110110010', '00000000000000111111101110111010', '00000000000011110010100011000010', '00000000000011100110100010110010', '00000000000011110001100011001110', '00000000000011110111100010100110', '00000000000011110011100011001110', '00000000000011101111100011000010', '00000000000011110000100011110010', '00000000000011110111100011010010']
uploading:
['00110010100101100000000000000011', '00000000000011101100100010110010', '00000000000011101101100011010110', '00000000000011110111100011000110', '00000000000011110111100011011110', '00000000000011110111100011010110', '00000000000011100110100011001010', '00000000000011110000100011000010', '00000000000011110110100011000110', '00000000000000100010101110100010', '00000000000000100000101111001110', '00000000000000101011101110110110', '00000000000000110001101110100010', '00000000000000100101101111101010', '00000000000000110001101110110010', '00000000000000101101101110110110', '00000000000000111010101110100110', '00000000000011110011100011001010', '00000000000011100101100011001110', '00000000000011101010100010101110', '00000000000011110011100010111110', '00000000000011100001100010111110', '00000000000011110111100010100110', '00000000000011110001100011010110', '00000000000011101110100010111110']
uploading:
['00110010100101100000000000000011', '00000000000011110010100010010110', '00000000000011101100100011100010', '00000000000011101100100010100010', '00000000000011101101100010000010', '00000000000011100111100011010010', '00000000000011100000100010111010', '00000000000011101110100010110010', '00000000000011101001100011010010', '00000000000000110111101110000010', '00000000000000110001101110010010', '00000000000000101111101110110010', '00000000000000111101101110111010', '00000000000000100011101111011110', '00000000000000111110101110101010', '00000000000000101101101110111110', '00000000000000101101101110101010', '00000000000011110011100011100010', '00000000000011101010100011000110', '00000000000011100010100011011110', '00000000000011101101100010111110', '00000000000011110000100010010110', '00000000000011101001100011000010', '00000000000011100110100010111110', '00000000000011110001100011001010']
uploading:
['00110010100101100000000000000011', '00000000000011111101100011001010', '00000000000011101101100011000010', '00000000000011110011100010011110', '00000000000011111000100010001010', '00000000000011110000100010011010', '00000000000011110011100011011110', '00000000000011110100100011011110', '00000000000011110111100011010010', '00000000000000110101101110011110', '00000000000000110100101111000110', '00000000000000101011101111001010', '00000000000000110010101111000110', '00000000000000110010101111011110', '00000000000000101101101110110010', '00000000000000110010101111000110', '00000000000000110100101110101110', '00000000000011101001100010111010', '00000000000011101111100010101010', '00000000000011100110100010010110', '00000000000011101010100011010110', '00000000000011101111100011000110', '00000000000011101100100011000110', '00000000000011101000100010111110', '00000000000011100101100010100110']
uploading:
['00110010100101100000000000000011', '00000000000011110010100011001010', '00000000000011101001100010111010', '00000000000011110010100011000110', '00000000000011101101100011001010', '00000000000011100110100011100010', '00000000000011110001100011000010', '00000000000011101111100011000010', '00000000000011101011100011000010', '00000000000000110111101111000010', '00000000000000101100101110001110', '00000000000000110011101111100110', '00000000000000100111101110111110', '00000000000000111000101110101010', '00000000000000111001101111101010', '00000000000000110111101110111010', '00000000000000110001101111001010', '00000000000011101111100011010010', '00000000000011110100100011011010', '00000000000011101010100010111110', '00000000000011101011100011000010', '00000000000011110100100010111110', '00000000000011110001100011001010', '00000000000011101011100010111110', '00000000000011111011100011011010']
uploading:
['00110010100101100000000000000011', '00000000000011110001100010110010', '00000000000011100000100010001010', '00000000000011110111100011001010', '00000000000011110110100010101010', '00000000000011101100100010111010', '00000000000011101101100011100010', '00000000000011101101100011000010', '00000000000011110110100010110010', '00000000000000110000101110000010', '00000000000000101110101110100110', '00000000000000111000101110110110', '00000000000000101110101110110110', '00000000000000101110101110111110', '00000000000000101111101110010110', '00000000000000101011101110101110', '00000000000000100110101110011110', '00000000000011101001100011100010', '00000000000011110001100011000010', '00000000000011100001100011101010', '00000000000011101111100010111110', '00000000000011101100100011001110', '00000000000011110010100011100010', '00000000000011100111100011111010', '00000000000011110101100010110010']
uploading:
['00110010100101100000000000000011', '00000000000011101101100011111110', '00000000000011110001100010111110', '00000000000011110100100011100010', '00000000000011110110100010010110', '00000000000011101001100010101110', '00000000000011110010100010001110', '00000000000011101111100010101110', '00000000000011101110100010000110', '00000000000000100001101111011010', '00000000000000110011101110111110', '00000000000000110000101110100110', '00000000000000110111101111100010', '00000000000000101001101110000110', '00000000000000110100101110100010', '00000000000000110000101110010010', '00000000000000100000101110111010', '00000000000011101111100010100010', '00000000000011110001100010111010', '00000000000011101000100010011110', '00000000000011110101100010111110', '00000000000011101011100011010110', '00000000000011101011100011001110', '00000000000011111001100011001110', '00000000000011101010100010111110']
uploading:
['00110010100101100000000000000011', '00000000000011101100100011010110', '00000000000011101100100011011010', '00000000000011101110100011000110', '00000000000011110011100010110110', '00000000000011101011100010100010', '00000000000011101101100011010110', '00000000000011110010100011010010', '00000000000011101101100011010010', '00000000000000110101101111001110', '00000000000000110010101111000110', '00000000000000110010101110111110', '00000000000000110111101111100010', '00000000000000111000101111001010', '00000000000000101111101111000010', '00000000000000101110101110110010', '00000000000000110100101111010110', '00000000000011101110100010101110', '00000000000011111010100011110010', '00000000000011110101100011010110', '00000000000011100111100011010110', '00000000000011101101100011001110', '00000000000011110011100010101110', '00000000000011100010100010111110', '00000000000011111000100010001110']
uploading:
['00110010100101100000000000000011', '00000000000011110000100011101010', '00000000000011110010100010110110', '00000000000011101001100010111110', '00000000000011101001100011000110', '00000000000011100010100010101010', '00000000000011110000100011010010', '00000000000011100111100011001110', '00000000000011101011100010111110', '00000000000000101101101110110010', '00000000000000110100101110111110', '00000000000000110011101111011110', '00000000000000101101101111010110', '00000000000000111110101111001110', '00000000000000110100101110111010', '00000000000000101001101110111010', '00000000000000110110101111000010', '00000000000011110101100010001110', '00000000000011110110100011100010', '00000000000011110100100011010010', '00000000000011111001100011010010', '00000000000011101111100010111110', '00000000000011111000100011011110', '00000000000011110101100011000110', '00000000000011110111100010111110']
uploading:
['00110010100101100000000000000011', '00000000000011101110100010010110', '00000000000011101111100011000010', '00000000000011111011100011111110', '00000000000011110011100011100110', '00000000000011110111100011000010', '00000000000011110011100011101110', '00000000000011111010100010110110', '00000000000011110110100010010110', '00000000000000110110101110011110', '00000000000000110101101111001110', '00000000000000110000101110100010', '00000000000000111111101111000110', '00000000000000110101101111100010', '00000000000000110010101110110110', '00000000000000101010101110010110', '00000000000000101110101111100010', '00000000000011101011100011110010', '00000000000011101010100011101010', '00000000000011101111100010111110', '00000000000011101100100010111110', '00000000000011101010100010110110', '00000000000011101010100011010010', '00000000000011101100100010110110', '00000000000011101010100010111110']
uploading:
['00110010100101100000000000000011', '00000000000011101001100011111110', '00000000000011101100100010100010', '00000000000011100101100011001010', '00000000000011101001100010110010', '00000000000011110110100011010110', '00000000000011101010100011101110', '00000000000011100010100011000010', '00000000000011101100100011100010', '00000000000000110001101110011010', '00000000000000110000101110111110', '00000000000000110100101110100110', '00000000000000110011101111000110', '00000000000000111001101110101010', '00000000000000101010101111000010', '00000000000000101010101111001110', '00000000000000101111101111100110', '00000000000011111001100011010010', '00000000000011101101100010001110', '00000000000011110111100011010010', '00000000000011100011100010010110', '00000000000011110011100010010010', '00000000000011110000100010111110', '00000000000011110110100011001110', '00000000000011111001100010101010']


---------------------------------------------------------------------------
-----------------------------Starting spill 1------------------------------
---------------------------------------------------------------------------

