Firmware Version 268
DAQ Version 1

Options summary
==================
daqstring: none
direction: glib
njump: 0
autospill: True
monitor: False
calib: False
format: noprocessing
skip: True
mpa: 1
number: 0
readout: both
loops: -1
charge: 0
setting: default
thresh: 90
phase: 0
shutterdur: 500000
testclock: glib
norm: False
record: True
==================

---------------------------------------------------------------------------
----------------------------Starting Datataking----------------------------
---------------------------------------------------------------------------

uploading:
['01011010000000000000000000000011', '00000000000011010010110001001011', '00000000000011001100110000100111', '00000000000011010100110001000111', '00000000000011001010110001000011', '00000000000011001010110000101111', '00000000000011001010110000111111', '00000000000011010100110000011111', '00000000000011010111110001110011', '00000000000000001111111100110011', '00000000000000001111111100101011', '00000000000000001111111101001011', '00000000000000001101111100101111', '00000000000000001100111100001011', '00000000000000011101111100110011', '00000000000000010100111100011111', '00000000000000010010111101010111', '00000000000011001110110000110111', '00000000000011001110110000110011', '00000000000011001000110001011011', '00000000000011001100110001100011', '00000000000011011010110001000011', '00000000000011010000110001111111', '00000000000011010100110000011011', '00000000000011010101110001001011']
uploading:
['01011010000000000000000000000011', '00000000000011011000110001111111', '00000000000011010110110001100111', '00000000000011001001110001000111', '00000000000011011000110001000111', '00000000000011011010110001001011', '00000000000011010010110001000111', '00000000000011001001110001000111', '00000000000011010001110000110011', '00000000000000001111111100110111', '00000000000000010000111101001011', '00000000000000010000111101001011', '00000000000000010010111101001111', '00000000000000010001111100011011', '00000000000000001101111101001111', '00000000000000001111111100110011', '00000000000000011111111100111011', '00000000000011010010110001000011', '00000000000011000110110000110011', '00000000000011010001110001001111', '00000000000011010111110000100111', '00000000000011010011110001001111', '00000000000011001111110001000011', '00000000000011010000110001110011', '00000000000011010111110001010011']
uploading:
['01011010000000000000000000000011', '00000000000011001100110000110011', '00000000000011001101110001010111', '00000000000011010111110001000111', '00000000000011010111110001011111', '00000000000011010111110001010111', '00000000000011000110110001001011', '00000000000011010000110001000011', '00000000000011010110110001000111', '00000000000000000010111100100011', '00000000000000000000111101001111', '00000000000000001011111100110111', '00000000000000010001111100100011', '00000000000000000101111101101011', '00000000000000010001111100110011', '00000000000000001101111100110111', '00000000000000011010111100100111', '00000000000011010011110001001011', '00000000000011000101110001001111', '00000000000011001010110000101111', '00000000000011010011110000111111', '00000000000011000001110000111111', '00000000000011010111110000100111', '00000000000011010001110001010111', '00000000000011001110110000111111']
uploading:
['01011010000000000000000000000011', '00000000000011010010110000010111', '00000000000011001100110001100011', '00000000000011001100110000100011', '00000000000011001101110000000011', '00000000000011000111110001010011', '00000000000011000000110000111011', '00000000000011001110110000110011', '00000000000011001001110001010011', '00000000000000010111111100000011', '00000000000000010001111100010011', '00000000000000001111111100110011', '00000000000000011101111100111011', '00000000000000000011111101011111', '00000000000000011110111100101011', '00000000000000001101111100111111', '00000000000000001101111100101011', '00000000000011010011110001100011', '00000000000011001010110001000111', '00000000000011000010110001011111', '00000000000011001101110000111111', '00000000000011010000110000010111', '00000000000011001001110001000011', '00000000000011000110110000111111', '00000000000011010001110001001011']
uploading:
['01011010000000000000000000000011', '00000000000011011101110001001011', '00000000000011001101110001000011', '00000000000011010011110000011111', '00000000000011011000110000001011', '00000000000011010000110000011011', '00000000000011010011110001011111', '00000000000011010100110001011111', '00000000000011010111110001010011', '00000000000000010101111100011111', '00000000000000010100111101000111', '00000000000000001011111101001011', '00000000000000010010111101000111', '00000000000000010010111101011111', '00000000000000001101111100110011', '00000000000000010010111101000111', '00000000000000010100111100101111', '00000000000011001001110000111011', '00000000000011001111110000101011', '00000000000011000110110000010111', '00000000000011001010110001010111', '00000000000011001111110001000111', '00000000000011001100110001000111', '00000000000011001000110000111111', '00000000000011000101110000100111']
uploading:
['01011010000000000000000000000011', '00000000000011010010110001001011', '00000000000011001001110000111011', '00000000000011010010110001000111', '00000000000011001101110001001011', '00000000000011000110110001100011', '00000000000011010001110001000011', '00000000000011001111110001000011', '00000000000011001011110001000011', '00000000000000010111111101000011', '00000000000000001100111100001111', '00000000000000010011111101100111', '00000000000000000111111100111111', '00000000000000011000111100101011', '00000000000000011001111101101011', '00000000000000010111111100111011', '00000000000000010001111101001011', '00000000000011001111110001010011', '00000000000011010100110001011011', '00000000000011001010110000111111', '00000000000011001011110001000011', '00000000000011010100110000111111', '00000000000011010001110001001011', '00000000000011001011110000111111', '00000000000011011011110001011011']
uploading:
['01011010000000000000000000000011', '00000000000011010001110000110011', '00000000000011000000110000001011', '00000000000011010111110001001011', '00000000000011010110110000101011', '00000000000011001100110000111011', '00000000000011001101110001100011', '00000000000011001101110001000011', '00000000000011010110110000110011', '00000000000000010000111100000011', '00000000000000001110111100100111', '00000000000000011000111100110111', '00000000000000001110111100110111', '00000000000000001110111100111111', '00000000000000001111111100010111', '00000000000000001011111100101111', '00000000000000000110111100011111', '00000000000011001001110001100011', '00000000000011010001110001000011', '00000000000011000001110001101011', '00000000000011001111110000111111', '00000000000011001100110001001111', '00000000000011010010110001100011', '00000000000011000111110001111011', '00000000000011010101110000110011']
uploading:
['01011010000000000000000000000011', '00000000000011001101110001111111', '00000000000011010001110000111111', '00000000000011010100110001100011', '00000000000011010110110000010111', '00000000000011001001110000101111', '00000000000011010010110000001111', '00000000000011001111110000101111', '00000000000011001110110000000111', '00000000000000000001111101011011', '00000000000000010011111100111111', '00000000000000010000111100100111', '00000000000000010111111101100011', '00000000000000001001111100000111', '00000000000000010100111100100011', '00000000000000010000111100010011', '00000000000000000000111100111011', '00000000000011001111110000100011', '00000000000011010001110000111011', '00000000000011001000110000011111', '00000000000011010101110000111111', '00000000000011001011110001010111', '00000000000011001011110001001111', '00000000000011011001110001001111', '00000000000011001010110000111111']
uploading:
['01011010000000000000000000000011', '00000000000011001100110001010111', '00000000000011001100110001011011', '00000000000011001110110001000111', '00000000000011010011110000110111', '00000000000011001011110000100011', '00000000000011001101110001010111', '00000000000011010010110001010011', '00000000000011001101110001010011', '00000000000000010101111101001111', '00000000000000010010111101000111', '00000000000000010010111100111111', '00000000000000010111111101100011', '00000000000000011000111101001011', '00000000000000001111111101000011', '00000000000000001110111100110011', '00000000000000010100111101010111', '00000000000011001110110000101111', '00000000000011011010110001110011', '00000000000011010101110001010111', '00000000000011000111110001010111', '00000000000011001101110001001111', '00000000000011010011110000101111', '00000000000011000010110000111111', '00000000000011011000110000001111']
uploading:
['01011010000000000000000000000011', '00000000000011010000110001101011', '00000000000011010010110000110111', '00000000000011001001110000111111', '00000000000011001001110001000111', '00000000000011000010110000101011', '00000000000011010000110001010011', '00000000000011000111110001001111', '00000000000011001011110000111111', '00000000000000001101111100110011', '00000000000000010100111100111111', '00000000000000010011111101011111', '00000000000000001101111101010111', '00000000000000011110111101001111', '00000000000000010100111100111011', '00000000000000001001111100111011', '00000000000000010110111101000011', '00000000000011010101110000001111', '00000000000011010110110001100011', '00000000000011010100110001010011', '00000000000011011001110001010011', '00000000000011001111110000111111', '00000000000011011000110001011111', '00000000000011010101110001000111', '00000000000011010111110000111111']
uploading:
['01011010000000000000000000000011', '00000000000011001110110000010111', '00000000000011001111110001000011', '00000000000011011011110001111111', '00000000000011010011110001100111', '00000000000011010111110001000011', '00000000000011010011110001101111', '00000000000011011010110000110111', '00000000000011010110110000010111', '00000000000000010110111100011111', '00000000000000010101111101001111', '00000000000000010000111100100011', '00000000000000011111111101000111', '00000000000000010101111101100011', '00000000000000010010111100110111', '00000000000000001010111100010111', '00000000000000001110111101100011', '00000000000011001011110001110011', '00000000000011001010110001101011', '00000000000011001111110000111111', '00000000000011001100110000111111', '00000000000011001010110000110111', '00000000000011001010110001010011', '00000000000011001100110000110111', '00000000000011001010110000111111']
uploading:
['01011010000000000000000000000011', '00000000000011001001110001111111', '00000000000011001100110000100011', '00000000000011000101110001001011', '00000000000011001001110000110011', '00000000000011010110110001010111', '00000000000011001010110001101111', '00000000000011000010110001000011', '00000000000011001100110001100011', '00000000000000010001111100011011', '00000000000000010000111100111111', '00000000000000010100111100100111', '00000000000000010011111101000111', '00000000000000011001111100101011', '00000000000000001010111101000011', '00000000000000001010111101001111', '00000000000000001111111101100111', '00000000000011011001110001010011', '00000000000011001101110000001111', '00000000000011010111110001010011', '00000000000011000011110000010111', '00000000000011010011110000010011', '00000000000011010000110000111111', '00000000000011010110110001001111', '00000000000011011001110000101011']


---------------------------------------------------------------------------
-----------------------------Starting spill 1------------------------------
---------------------------------------------------------------------------

